<?xml version="1.0" encoding="UTF-8"?>
<!-- Generated by org.testng.reporters.JUnitReportReporter -->
<testsuite skipped="0" hostname="localhost" name="more.testcases.TestCases" tests="2" failures="0" timestamp="04 六月 2019 08:11:13 GMT" time="0.023" errors="0">
  <testcase name="main" time="0.018" classname="more.testcases.TestCases"/>
  <testcase name="main" time="0.005" classname="more.testcases.TestCases"/>
</testsuite> <!-- more.testcases.TestCases -->
