<?xml version="1.0" encoding="UTF-8"?>
<!-- Generated by org.testng.reporters.JUnitReportReporter -->
<testsuite skipped="0" hostname="localhost" name="more.testcases.TestCases2" tests="2" failures="0" timestamp="04 六月 2019 11:25:08 GMT" time="0.001" errors="0">
  <testcase name="main" time="0.000" classname="more.testcases.TestCases2"/>
  <testcase name="main" time="0.001" classname="more.testcases.TestCases2"/>
</testsuite> <!-- more.testcases.TestCases2 -->
