<?xml version="1.0" encoding="UTF-8"?>
<!-- Generated by org.testng.reporters.JUnitReportReporter -->
<testsuite skipped="0" hostname="localhost" name="more.testcases.TestCases1" tests="1" failures="0" timestamp="04 六月 2019 11:25:07 GMT" time="0.018" errors="0">
  <testcase name="main" time="0.018" classname="more.testcases.TestCases1"/>
</testsuite> <!-- more.testcases.TestCases1 -->
