<?xml version="1.0" encoding="UTF-8"?>
<!-- Generated by org.testng.reporters.JUnitReportReporter -->
<testsuite skipped="0" hostname="bogon" name="more.testcases.TestCases" tests="2" failures="0" timestamp="04 十二月 2018 03:34:04 GMT" time="0.016" errors="0">
  <testcase name="test2" time="0.001" classname="more.testcases.TestCases"/>
  <testcase name="test1" time="0.015" classname="more.testcases.TestCases"/>
</testsuite> <!-- more.TestCases.testcasescases -->
